[1. 1. 1. 1. 1. 1. 1. 1. 1. 1. 1. 0. 1. 0. 1. 1. 0. 1. 0. 0. 1. 1. 1. 1.
 0. 1. 1. 1. 0. 1. 0. 0. 1. 0. 0. 1. 1. 0. 1. 1. 1. 1. 0. 1. 1. 1. 0. 1.
 0. 1. 1. 1. 1. 0. 1. 1. 0. 1. 1. 1. 1. 1. 1. 1. 0. 1. 1. 1. 0. 1. 1. 0.
 0. 0. 1. 1. 1. 1. 1. 0. 1. 1. 0. 0. 1. 1. 1. 1. 1. 1. 1. 1. 1. 0. 1. 1.
 1. 1. 1. 0. 1. 0. 1. 1. 1. 0. 0. 1. 0. 1. 0. 0. 1. 1. 1. 0. 1. 1. 1. 1.
 1. 0. 0. 1. 0. 1. 1. 1. 1. 0. 1. 1. 1. 1. 1. 1. 1. 1. 1. 0. 1. 1. 0. 0.
 1. 1. 1. 1. 0. 1. 1. 1. 1. 0. 1. 1. 0. 1. 1. 1. 1. 1. 0. 1. 1. 1. 1. 1.
 1. 1. 1. 1. 1. 1. 1. 0. 1. 1. 0. 0. 1. 1. 1. 1. 1. 1. 0. 1. 1. 1. 0. 1.
 1. 0. 1. 1. 1. 1. 0. 1. 1. 0. 0. 0. 0. 0. 1. 1. 0. 1. 1. 1. 1. 0. 1. 1.
 0. 0. 1. 1. 1. 1. 1. 0. 1. 1. 0. 1. 0. 1. 1. 1. 0. 1. 1. 0. 1. 1. 1. 1.
 0. 1. 1. 1. 1. 1. 1. 1. 1. 1. 1. 1. 0. 0. 1. 1. 0. 1. 0. 0. 1. 1. 1. 1.
 1. 0. 1. 1. 1. 1. 0. 0. 1. 1. 1. 1. 1. 1. 0. 0. 1. 0. 0. 0. 0. 1. 0. 1.
 1. 1. 1. 0. 1. 0. 1. 1. 1. 1. 1. 0. 0. 1. 1. 1. 1. 1. 1. 0. 1. 1. 0. 1.
 0. 1. 1. 1. 1. 1. 0. 0. 1. 1. 1. 1. 1. 0. 0. 1. 1. 1. 1. 1. 1. 1. 0. 1.
 1. 0. 0. 1. 1. 1. 1. 1. 1. 1. 1. 1. 1. 1. 1. 1. 0. 1. 1. 1. 1. 1. 0. 1.
 1. 1. 1. 0. 0. 1. 1. 1. 0. 1. 1. 1. 1. 1. 1. 0. 1. 1. 0. 1. 1. 1. 0. 0.
 1. 1. 1. 0. 0. 0. 1. 1. 1. 1. 0. 1. 1. 1. 1. 0. 1. 1. 1. 1. 1. 1. 1. 1.
 1. 0. 0. 0. 1. 1. 1. 1. 0. 1. 0. 0. 1. 1. 1. 1. 1. 1. 0. 1. 1. 1. 1. 1.
 1. 1. 1. 1. 0. 0. 1. 1. 1. 0. 1. 1. 1. 1. 1. 1. 1. 1. 1. 0. 1. 0. 1. 0.
 1. 1. 0. 1. 1. 1. 0. 0. 0. 0. 1. 1. 1. 1. 1. 1. 1. 0. 1. 0. 1. 0. 1. 1.
 1. 1. 0. 1. 0. 0. 0. 0. 0. 1. 0. 0. 1. 0. 0. 1. 1. 1. 1. 1. 1. 0. 0. 1.
 0. 1. 1. 0. 1. 1. 1. 1. 1. 1. 1. 0. 0. 1. 1. 0. 1. 0. 0. 1. 1. 1. 1. 1.
 1. 0. 0. 1. 1. 1. 1. 1. 1. 0. 0. 1. 1. 0. 1. 1. 1. 1. 0. 1. 1. 1. 1. 1.
 1. 1. 0. 1. 1. 0. 1. 0. 1. 1. 1. 0. 1. 1. 0. 1. 1. 1. 1. 1. 0. 1. 1. 1.
 1. 0. 1. 0. 1. 0. 0. 1. 0. 1. 1. 1. 1. 1. 0. 1. 0. 1. 1. 1. 1. 1. 0. 1.
 1. 0. 1. 1. 1. 1. 0. 0. 1. 1. 1. 1. 1. 0. 1. 1. 1. 0. 1. 1. 1. 0. 1. 0.
 0. 1. 1. 1. 0. 1. 0. 1. 0. 1. 1. 1. 1. 1. 1. 1. 1. 0. 1. 1. 0. 1. 1. 0.
 1. 1. 0. 1. 0. 1. 1. 1. 1. 1. 1. 1. 1. 0. 1. 0. 1. 1. 1. 1. 1. 1. 1. 1.
 1. 1. 0. 1. 0. 1. 1. 1. 0. 0. 1. 0. 0. 0. 1. 1. 1. 1. 1. 1. 1. 0. 1. 1.
 1. 0. 1. 1. 1. 1. 1. 1. 1. 0. 1. 1. 1. 1. 1. 1. 1. 0. 0. 0. 1. 1. 0. 1.
 0. 1. 0. 1. 0. 1. 0. 1. 1. 1. 0. 1. 1. 0. 1. 0. 1. 1. 1. 0. 0. 0. 1. 1.
 0. 0. 1. 1. 1. 0. 0. 1. 1. 1. 1. 0. 1. 1. 1. 1. 0. 1. 1. 1. 1. 0. 1. 1.
 1. 1. 1. 0. 0. 0. 0. 1. 0. 1. 1. 0. 1. 1. 1. 1. 0. 1. 1. 1. 1. 1. 1. 1.
 0. 1. 1. 0. 1. 0.]
accuracy: 0.9875
['distance_nearest_centroid', 'iou_on_xoy', 'kurt_x_distance_on_zoy', 'kurt_y_distance_on_zox', 'kurt_z_distance_on_xoy', 'max_nonzero_internal', 'mean_x_distance_on_zoy', 'mean_y_distance_on_zox', 'mean_z_distance_on_xoy', 'median_x_distance_on_zoy', 'median_y_distance_on_zox', 'median_z_distance_on_xoy', 'point_count', 'quantile_down_x_distance_on_zoy', 'quantile_down_y_distance_on_zox', 'quantile_down_z_distance_on_xoy', 'quantile_up_x_distance_on_zoy', 'quantile_up_y_distance_on_zox', 'quantile_up_z_distance_on_xoy', 'skew_x_distance_on_zoy', 'skew_y_distance_on_zox', 'skew_z_distance_on_xoy', 'std_x_distance_div_mean_x_distance', 'std_x_distance_on_zoy', 'std_y_distance_div_mean_y_distance', 'std_y_distance_on_zox', 'std_z_distance_div_mean_z_distance', 'std_z_distance_on_xoy', 'x_centroid/x_shape', 'x_length/x_shape', 'x_max/x_shape', 'x_min/x_shape', 'y_centroid/y_shape', 'y_length/y_shape', 'y_max/y_shape', 'y_min/y_shape', 'z_centroid/z_shape', 'z_length/z_shape', 'z_max/z_shape', 'z_min/z_shape']
40
[1.63974784e-01 1.11644986e-03 1.13036815e-03 5.04593673e-04
 1.47373432e-03 1.35025297e-03 3.78799407e-03 9.05584042e-04
 3.49483689e-03 1.52589290e-02 1.97346606e-03 9.92056415e-06
 5.28940229e-04 4.52070847e-02 1.64391964e-03 1.04738406e-05
 1.22097052e-03 9.64988667e-06 0.00000000e+00 4.59342946e-03
 1.12646268e-04 4.61185692e-04 2.42830438e-04 1.66617683e-04
 5.09802457e-04 3.29748964e-04 4.32123948e-02 5.04084721e-01
 1.16876826e-03 7.20616668e-04 6.74423689e-03 2.44969048e-04
 4.31239556e-06 2.13823764e-03 7.74877677e-04 2.79243462e-04
 3.67329065e-02 1.14300828e-01 3.48118341e-02 4.76384004e-03]
